<?xml version="1.0" encoding="UTF-8"?>
<testng-results ignored="0" total="2" passed="2" failed="0" skipped="0">
  <reporter-output>
  </reporter-output>
  <suite started-at="2025-01-01T20:50:50 IST" name="Parallel Test Suite" finished-at="2025-01-01T20:51:10 IST" duration-ms="20260">
    <groups>
    </groups>
    <test started-at="2025-01-01T20:50:50 IST" name="macOS Safari" finished-at="2025-01-01T20:51:08 IST" duration-ms="18220">
      <class name="Tests.Test_Scenario_2">
        <test-method is-config="true" signature="setUp(java.lang.String,java.lang.String,java.lang.String)[pri:0, instance:Tests.Test_Scenario_2@5e2c3d18]" started-at="2025-01-01T20:50:50 IST" name="setUp" finished-at="2025-01-01T20:51:01 IST" duration-ms="11641" status="PASS">
          <params>
            <param index="0">
              <value>
                <![CDATA[Safari]]>
              </value>
            </param>
            <param index="1">
              <value>
                <![CDATA[latest]]>
              </value>
            </param>
            <param index="2">
              <value>
                <![CDATA[macOS Catalina]]>
              </value>
            </param>
          </params>
          <reporter-output>
          </reporter-output>
        </test-method> <!-- setUp -->
        <test-method signature="DragandDrop()[pri:1, instance:Tests.Test_Scenario_2@5e2c3d18]" started-at="2025-01-01T20:51:01 IST" name="DragandDrop" finished-at="2025-01-01T20:51:08 IST" duration-ms="6517" status="PASS">
          <reporter-output>
          </reporter-output>
        </test-method> <!-- DragandDrop -->
      </class> <!-- Tests.Test_Scenario_2 -->
    </test> <!-- macOS Safari -->
    <test started-at="2025-01-01T20:50:50 IST" name="Windows Chrome" finished-at="2025-01-01T20:51:10 IST" duration-ms="20260">
      <class name="Tests.Test_Scenario_2">
        <test-method is-config="true" signature="setUp(java.lang.String,java.lang.String,java.lang.String)[pri:0, instance:Tests.Test_Scenario_2@13e344d]" started-at="2025-01-01T20:50:50 IST" name="setUp" finished-at="2025-01-01T20:50:59 IST" duration-ms="8754" status="PASS">
          <params>
            <param index="0">
              <value>
                <![CDATA[Chrome]]>
              </value>
            </param>
            <param index="1">
              <value>
                <![CDATA[latest]]>
              </value>
            </param>
            <param index="2">
              <value>
                <![CDATA[Windows 10]]>
              </value>
            </param>
          </params>
          <reporter-output>
          </reporter-output>
        </test-method> <!-- setUp -->
        <test-method signature="DragandDrop()[pri:1, instance:Tests.Test_Scenario_2@13e344d]" started-at="2025-01-01T20:50:59 IST" name="DragandDrop" finished-at="2025-01-01T20:51:10 IST" duration-ms="11447" status="PASS">
          <reporter-output>
          </reporter-output>
        </test-method> <!-- DragandDrop -->
      </class> <!-- Tests.Test_Scenario_2 -->
    </test> <!-- Windows Chrome -->
  </suite> <!-- Parallel Test Suite -->
</testng-results>
