<?xml version="1.0" encoding="UTF-8"?>
<!-- Generated by org.testng.reporters.JUnitXMLReporter -->
<testsuite ignored="0" hostname="LAPTOP-MKT8NHU1" failures="0" tests="3" name="Form Test" time="50.12" errors="0" timestamp="2024-10-07T14:28:19 IST">
  <testcase classname="Tests.Test_Scenario_1" name="validateMessage" time="12.815"/>
  <testcase classname="Tests.Test_Scenario_2" name="DragandDrop" time="5.319"/>
  <testcase classname="Tests.Test_Scenario_3" name="Test_Scenario3" time="31.847"/>
</testsuite> <!-- Form Test -->
