<?xml version="1.0" encoding="UTF-8"?>
<!-- Generated by org.testng.reporters.JUnitXMLReporter -->
<testsuite ignored="0" hostname="LAPTOP-MKT8NHU1" failures="1" tests="1" name="Test 1" time="6.481" errors="0" timestamp="2024-11-05T16:51:23 IST">
  <testcase classname="Tests.Test_Scenario_1" name="validateMessage" time="6.415">
    <failure type="org.openqa.selenium.SessionNotCreatedException" message="Could not start a new session. Response code 500. Message: Error: Could not find a valid browserVersion. config recieved, osVersion: win10 browserName: internet explorer browserVersion: 128.0 Input capabilities : {&amp;quot;EnableHTTP2InMartian&amp;quot;:false,&amp;quot;accessKey&amp;quot;:&amp;quot;**************************************************&amp;quot;,&amp;quot;browserName&amp;quot;:&amp;quot;internet explorer&amp;quot;,&amp;quot;browserVersion&amp;quot;:&amp;quot;128&amp;quot;,&amp;quot;build&amp;quot;:&amp;quot;Selenium_testing&amp;quot;,&amp;quot;console&amp;quot;:&amp;quot;false&amp;quot;,&amp;quot;enableDebugLogsInMartian&amp;quot;:false,&amp;quot;enableNetworkThrottling&amp;quot;:true,&amp;quot;enableSSEInMartian&amp;quot;:true,&amp;quot;enableWSInMartian&amp;quot;:true,&amp;quot;extendedDebuging&amp;quot;:true,&amp;quot;headless&amp;quot;:false,&amp;quot;ie.compatibility&amp;quot;:11001,&amp;quot;ie.flash&amp;quot;:false,&amp;quot;ie.popups&amp;quot;:false,&amp;quot;loggingPrefs&amp;quot;:{&amp;quot;browser&amp;quot;:&amp;quot;ALL&amp;quot;,&amp;quot;driver&amp;quot;:&amp;quot;ALL&amp;quot;,&amp;quot;performance&amp;quot;:&amp;quot;ALL&amp;quot;,&amp;quot;server&amp;quot;:&amp;quot;ALL&amp;quot;},&amp;quot;lt:options&amp;quot;:{&amp;quot;accessKey&amp;quot;:&amp;quot;**************************************************&amp;quot;,&amp;quot;build&amp;quot;:&amp;quot;Selenium_testing&amp;quot;,&amp;quot;name&amp;quot;:&amp;quot;Selenium_testing&amp;quot;,&amp;quot;network&amp;quot;:true,&amp;quot;networkThrottling&amp;quot;:&amp;quot;Regular 4G&amp;quot;,&amp;quot;project&amp;quot;:&amp;quot;Selenium_testing&amp;quot;,&amp;quot;selenium_version&amp;quot;:&amp;quot;4.0.0&amp;quot;,&amp;quot;username&amp;quot;:&amp;quot;akasharma951&amp;quot;,&amp;quot;video&amp;quot;:true,&amp;quot;visual&amp;quot;:true,&amp;quot;w3c&amp;quot;:true},&amp;quot;name&amp;quot;:&amp;quot;Selenium_testing&amp;quot;,&amp;quot;network&amp;quot;:true,&amp;quot;network.har&amp;quot;:true,&amp;quot;networkThrottling&amp;quot;:{&amp;quot;download&amp;quot;:4000,&amp;quot;latency&amp;quot;:20,&amp;quot;upload&amp;quot;:3000},&amp;quot;performance&amp;quot;:false,&amp;quot;platform&amp;quot;:&amp;quot;win10&amp;quot;,&amp;quot;platformName&amp;quot;:&amp;quot;Windows 10&amp;quot;,&amp;quot;project&amp;quot;:&amp;quot;Selenium_testing&amp;quot;,&amp;quot;projectName&amp;quot;:&amp;quot;Selenium_testing&amp;quot;,&amp;quot;resolution&amp;quot;:&amp;quot;1920x1080&amp;quot;,&amp;quot;se:ieOptions&amp;quot;:{},&amp;quot;selenium_version&amp;quot;:&amp;quot;4.0.0&amp;quot;,&amp;quot;tunnel&amp;quot;:false,&amp;quot;tunnelIdentifier&amp;quot;:&amp;quot;&amp;quot;,&amp;quot;userAgent&amp;quot;:&amp;quot;selenium/4.23.0 (java windows)&amp;quot;,&amp;quot;username&amp;quot;:&amp;quot;akasharma951&amp;quot;,&amp;quot;version&amp;quot;:&amp;quot;128.0&amp;quot;,&amp;quot;video&amp;quot;:true,&amp;quot;visual&amp;quot;:true,&amp;quot;w3c&amp;quot;:true} 
Host info: host: &amp;apos;LAPTOP-MKT8NHU1&amp;apos;, ip: &amp;apos;192.168.29.248&amp;apos;
Build info: version: &amp;apos;4.23.0&amp;apos;, revision: &amp;apos;4df0a231af&amp;apos;
System info: os.name: &amp;apos;Windows 10&amp;apos;, os.arch: &amp;apos;amd64&amp;apos;, os.version: &amp;apos;10.0&amp;apos;, java.version: &amp;apos;17.0.6&amp;apos;
Driver info: org.openqa.selenium.remote.RemoteWebDriver
Command: [null, newSession {capabilities=[Capabilities {LT:Options: {accessKey: fLTX1VvmyJswlVO5sEcJGOWjP72..., build: Selenium_testing, name: Selenium_testing, network: true, networkThrottling: Regular 4G, project: Selenium_testing, selenium_version: 4.0.0, username: akasharma951, video: true, visual: true, w3c: true}, browserName: internet explorer, browserVersion: 128, platformName: Windows 10, se:ieOptions: {}}]}]
Capabilities {LT:Options: {accessKey: fLTX1VvmyJswlVO5sEcJGOWjP72..., build: Selenium_testing, name: Selenium_testing, network: true, networkThrottling: Regular 4G, project: Selenium_testing, selenium_version: 4.0.0, username: akasharma951, video: true, visual: true, w3c: true}, browserName: internet explorer, browserVersion: 128, platformName: Windows 10, se:ieOptions: {}}">
      <![CDATA[org.openqa.selenium.SessionNotCreatedException: Could not start a new session. Response code 500. Message: Error: Could not find a valid browserVersion. config recieved, osVersion: win10 browserName: internet explorer browserVersion: 128.0 Input capabilities : {"EnableHTTP2InMartian":false,"accessKey":"**************************************************","browserName":"internet explorer","browserVersion":"128","build":"Selenium_testing","console":"false","enableDebugLogsInMartian":false,"enableNetworkThrottling":true,"enableSSEInMartian":true,"enableWSInMartian":true,"extendedDebuging":true,"headless":false,"ie.compatibility":11001,"ie.flash":false,"ie.popups":false,"loggingPrefs":{"browser":"ALL","driver":"ALL","performance":"ALL","server":"ALL"},"lt:options":{"accessKey":"**************************************************","build":"Selenium_testing","name":"Selenium_testing","network":true,"networkThrottling":"Regular 4G","project":"Selenium_testing","selenium_version":"4.0.0","username":"akasharma951","video":true,"visual":true,"w3c":true},"name":"Selenium_testing","network":true,"network.har":true,"networkThrottling":{"download":4000,"latency":20,"upload":3000},"performance":false,"platform":"win10","platformName":"Windows 10","project":"Selenium_testing","projectName":"Selenium_testing","resolution":"1920x1080","se:ieOptions":{},"selenium_version":"4.0.0","tunnel":false,"tunnelIdentifier":"","userAgent":"selenium/4.23.0 (java windows)","username":"akasharma951","version":"128.0","video":true,"visual":true,"w3c":true} 
Host info: host: 'LAPTOP-MKT8NHU1', ip: '192.168.29.248'
Build info: version: '4.23.0', revision: '4df0a231af'
System info: os.name: 'Windows 10', os.arch: 'amd64', os.version: '10.0', java.version: '17.0.6'
Driver info: org.openqa.selenium.remote.RemoteWebDriver
Command: [null, newSession {capabilities=[Capabilities {LT:Options: {accessKey: fLTX1VvmyJswlVO5sEcJGOWjP72..., build: Selenium_testing, name: Selenium_testing, network: true, networkThrottling: Regular 4G, project: Selenium_testing, selenium_version: 4.0.0, username: akasharma951, video: true, visual: true, w3c: true}, browserName: internet explorer, browserVersion: 128, platformName: Windows 10, se:ieOptions: {}}]}]
Capabilities {LT:Options: {accessKey: fLTX1VvmyJswlVO5sEcJGOWjP72..., build: Selenium_testing, name: Selenium_testing, network: true, networkThrottling: Regular 4G, project: Selenium_testing, selenium_version: 4.0.0, username: akasharma951, video: true, visual: true, w3c: true}, browserName: internet explorer, browserVersion: 128, platformName: Windows 10, se:ieOptions: {}}
at org.openqa.selenium.remote.ProtocolHandshake.createSession(ProtocolHandshake.java:114)
at org.openqa.selenium.remote.ProtocolHandshake.createSession(ProtocolHandshake.java:75)
at org.openqa.selenium.remote.ProtocolHandshake.createSession(ProtocolHandshake.java:61)
at org.openqa.selenium.remote.HttpCommandExecutor.execute(HttpCommandExecutor.java:162)
at org.openqa.selenium.remote.TracedCommandExecutor.execute(TracedCommandExecutor.java:53)
at org.openqa.selenium.remote.RemoteWebDriver.execute(RemoteWebDriver.java:527)
at org.openqa.selenium.remote.RemoteWebDriver.startSession(RemoteWebDriver.java:234)
at org.openqa.selenium.remote.RemoteWebDriver.<init>(RemoteWebDriver.java:163)
at org.openqa.selenium.remote.RemoteWebDriver.<init>(RemoteWebDriver.java:143)
at Tests.Test_Scenario_1.validateMessage(Test_Scenario_1.java:72)
at java.base/java.util.ArrayList.forEach(ArrayList.java:1511)
at java.base/java.util.concurrent.FutureTask.run(FutureTask.java:264)
at java.base/java.util.concurrent.ThreadPoolExecutor.runWorker(ThreadPoolExecutor.java:1136)
at java.base/java.util.concurrent.ThreadPoolExecutor$Worker.run(ThreadPoolExecutor.java:635)
at java.base/java.lang.Thread.run(Thread.java:833)
... Removed 17 stack frames]]>
    </failure>
  </testcase> <!-- validateMessage -->
</testsuite> <!-- Test 1 -->
